Starting CAP Project Generator...
Using @sap/cds-dk [9.9.1] from /extbin/globals/bun/global/install/node_modules/@sap/cds-dk
Using @sap/generator-cap-project [2.0.6] from [/extbin/globals/bun/global/install/node_modules/@sap/generator-cap-project]
Using root path [/home/user/projects]

Creating project with application-logging, approuter, connectivity, destination, html5-repo, mta, nodejs, tiny-sample, xsuaa

Adding facet: nodejs
Adding facet: mta
Adding facet: tiny-sample
Adding facet: xsuaa
Adding facet: approuter
Adding facet: connectivity
Adding facet: destination
Adding facet: html5-repo
Adding facet: application-logging

Successfully initialized CAP project
Continue with: code cpi-utility-hub 


Installing dependencies...

added 254 packages, and audited 255 packages in 4s

39 packages are looking for funding
  run `npm fund` for details

1 moderate severity vulnerability

To address all issues, run:
  npm audit fix

Run `npm audit` for details.

Finished installing dependencies

Done setting up project cpi-utility-hub
Project is ready to use

